================================================
  BATERIA FINAL COMPLETA - TODOS OS BUGS
  Data: 2025-12-22 08:06:34
================================================

================================================
  PARTE 1: BUGS ORIGINAIS (#1, #4, #6, #9, #12)
================================================

โโโโโโโโโโโโโโโโโโโโโโโโโโโโโโโโโโโโโโโโโโโโโโโ
[BUG1] Multi-file creation
โ PASS

โโโโโโโโโโโโโโโโโโโโโโโโโโโโโโโโโโโโโโโโโโโโโโโ
[BUG4] JSON extraction & valid filename
โ PASS

โโโโโโโโโโโโโโโโโโโโโโโโโโโโโโโโโโโโโโโโโโโโโโโ
[BUG6] File overwrite protection
โ PASS

โโโโโโโโโโโโโโโโโโโโโโโโโโโโโโโโโโโโโโโโโโโโโโโ
[BUG9-1] Dotfile .env creation
โ PASS

โโโโโโโโโโโโโโโโโโโโโโโโโโโโโโโโโโโโโโโโโโโโโโโ
[BUG9-2] Dotfile .gitignore creation
โ PASS

โโโโโโโโโโโโโโโโโโโโโโโโโโโโโโโโโโโโโโโโโโโโโโโ
[BUG12] Keyword 'corrige' detection
โ PASS

================================================
  PARTE 2: BUGS DA SESSรO ATUAL (#7, #8, #11, #13)
================================================

โโโโโโโโโโโโโโโโโโโโโโโโโโโโโโโโโโโโโโโโโโโโโโโ
[BUG7-1] Git status
โ PASS

โโโโโโโโโโโโโโโโโโโโโโโโโโโโโโโโโโโโโโโโโโโโโโโ
[BUG7-2] Git diff
โ PASS

โโโโโโโโโโโโโโโโโโโโโโโโโโโโโโโโโโโโโโโโโโโโโโโ
[BUG7-3] Git log
โ PASS

โโโโโโโโโโโโโโโโโโโโโโโโโโโโโโโโโโโโโโโโโโโโโโโ
[BUG8-1] Integration hint (JS)
โ PASS

โโโโโโโโโโโโโโโโโโโโโโโโโโโโโโโโโโโโโโโโโโโโโโโ
[BUG8-2] Integration hint (CSS)
โ PASS

โโโโโโโโโโโโโโโโโโโโโโโโโโโโโโโโโโโโโโโโโโโโโโโ
[BUG11-1] Multi-file read (comma)
โ PASS

โโโโโโโโโโโโโโโโโโโโโโโโโโโโโโโโโโโโโโโโโโโโโโโ
[BUG11-2] Multi-file read (e)
โ PASS

โโโโโโโโโโโโโโโโโโโโโโโโโโโโโโโโโโโโโโโโโโโโโโโ
[BUG11-3] Multi-file read + analysis
โ PASS

โโโโโโโโโโโโโโโโโโโโโโโโโโโโโโโโโโโโโโโโโโโโโโโ
[BUG13-1] Location hint (Go file)
โ PASS

โโโโโโโโโโโโโโโโโโโโโโโโโโโโโโโโโโโโโโโโโโโโโโโ
[BUG13-2] Location hint (main.go)
โ PASS

โโโโโโโโโโโโโโโโโโโโโโโโโโโโโโโโโโโโโโโโโโโโโโโ
[BUG13-3] Location hint (test file)
โ PASS

================================================
  PARTE 3: BUGS FINAIS (#10, #14)
================================================

โโโโโโโโโโโโโโโโโโโโโโโโโโโโโโโโโโโโโโโโโโโโโโโ
[BUG10-1] Anรกlise de arquivo
โ PASS

โโโโโโโโโโโโโโโโโโโโโโโโโโโโโโโโโโโโโโโโโโโโโโโ
[BUG10-2] Review de arquivo
โ PASS

โโโโโโโโโโโโโโโโโโโโโโโโโโโโโโโโโโโโโโโโโโโโโโโ
[BUG10-3] Explicaรงรฃo de arquivo
โ PASS

โโโโโโโโโโโโโโโโโโโโโโโโโโโโโโโโโโโโโโโโโโโโโโโ
[BUG10-4] Refatoraรงรฃo (ediรงรฃo)
โ PASS

โโโโโโโโโโโโโโโโโโโโโโโโโโโโโโโโโโโโโโโโโโโโโโโ
[BUG14-1] package.json preservation
โ PASS

โ [BUG14-1-VALIDATION] package.json รฉ JSON vรกlido
โโโโโโโโโโโโโโโโโโโโโโโโโโโโโโโโโโโโโโโโโโโโโโโ
[BUG14-2] tsconfig.json preservation
โ PASS

โ [BUG14-2-VALIDATION] tsconfig.json รฉ JSON vรกlido
================================================
  PARTE 4: FUNCIONALIDADES BรSICAS
================================================

โโโโโโโโโโโโโโโโโโโโโโโโโโโโโโโโโโโโโโโโโโโโโโโ
[BASIC-1] File read
โ PASS

โโโโโโโโโโโโโโโโโโโโโโโโโโโโโโโโโโโโโโโโโโโโโโโ
[BASIC-2] Code search
โ PASS


================================================
  RESULTADOS FINAIS
================================================

๐ ESTATรSTICAS
โโโโโโโโโโโโโโโโโโโโโโโโโโโโโโโโโโโโโโโโโโโโโโ
Total de testes:  27
โ Passou:         27 (100.0%)
โ Falhou:         0 (0.0%)
โโโโโโโโโโโโโโโโโโโโโโโโโโโโโโโโโโโโโโโโโโโโโโ

๐ BREAKDOWN POR CATEGORIA
โโโโโโโโโโโโโโโโโโโโโโโโโโโโโโโโโโโโโโโโโโโโโโ
  Originais (#1, #4, #6, #9, #12):  6 testes
  Sessรฃo 1 (#7, #8, #11, #13):      11 testes
  Finais (#10, #14):                8 testes
  Bรกsicos:                          2 testes
  โโโโโโโโโโโโโโโโโโโโโโโโโโโโโโโโโโโโโโโโโโโโ
  TOTAL:                            27 testes
โโโโโโโโโโโโโโโโโโโโโโโโโโโโโโโโโโโโโโโโโโโโโโ

๐ BUGS TESTADOS
โโโโโโโโโโโโโโโโโโโโโโโโโโโโโโโโโโโโโโโโโโโโโโ
  โ BUG #1:  Multi-file Creation
  โ BUG #4:  JSON Extraction
  โ BUG #6:  File Overwrite Protection
  โ BUG #7:  Git Operations
  โ BUG #8:  File Integration Hints
  โ BUG #9:  Dotfiles Support
  โ BUG #10: Intent Detection (NEW!)
  โ BUG #11: Multi-file Read
  โ BUG #12: Keyword 'corrige'
  โ BUG #13: Location Hints
  โ BUG #14: JSON Preservation (NEW!)
โโโโโโโโโโโโโโโโโโโโโโโโโโโโโโโโโโโโโโโโโโโโโโ

๐๐๐ TODOS OS TESTES PASSARAM! ๐๐๐

โ 11/14 BUGS CORRIGIDOS (78.6%)
โ Taxa de Sucesso: 100%
โ Meta 95%: SUPERADA!
